======
Loading NuScenes tables for version v1.0-mini...
23 category,
8 attribute,
4 visibility,
911 instance,
12 sensor,
120 calibrated_sensor,
31206 ego_pose,
8 log,
10 scene,
404 sample,
31206 sample_data,
18538 sample_annotation,
4 map,
Done loading in 0.247 seconds.
======
Reverse indexing ...
Done reverse indexing in 0.1 seconds.
======
Image:
/home/kim/datasets/nuScenes/samples/CAM_FRONT_RIGHT/n015-2018-11-21-19-38-26+0800__CAM_FRONT_RIGHT__1542800382370339.jpg
Camera channel: CAM_FRONT_RIGHT
Ground plane (global z): 0.0
Image size: (1600, 900)
Loading RF-DETR...
[2026-07-13 08:37:54] [INFO] rf-detr - File /home/kim/.roboflow/models/rf-detr-seg-medium.pt already exists with correct MD5 hash.
[2026-07-13 08:37:54] [WARNING] rf-detr - Using a different number of positional encodings than DINOv2, which means we're not loading DINOv2 backbone weights. This is not a problem if finetuning a pretrained RF-DETR model.
[2026-07-13 08:37:54] [WARNING] rf-detr - Using patch size 12 instead of 14, which means we're not loading DINOv2 backbone weights. This is not a problem if finetuning a pretrained RF-DETR model.
[2026-07-13 08:37:55] [INFO] rf-detr - File /home/kim/.roboflow/models/rf-detr-seg-medium.pt already exists with correct MD5 hash.
[2026-07-13 08:37:55] [WARNING] rf-detr - load_pretrain_weights: checkpoint lacks args.num_queries / args.group_detr; falling back to flat slice. With group_detr=13 this may scramble per-group query structure if the checkpoint was trained with group_detr > 1.
[2026-07-13 08:37:55] [WARNING] rf-detr - Pretrained weights at '/home/kim/.roboflow/models/rf-detr-seg-medium.pt' loaded only partially — this typically produces lower accuracy. 1 model parameter(s) not in checkpoint (left at random init): [_kp_active_mask]. Check that the model configuration (encoder, hidden_dim, out_feature_indexes, projector_scale, ...) matches the architecture the checkpoint was trained with.
[2026-07-13 08:37:55] [WARNING] rf-detr - Model is not optimized for inference. Latency may be higher than expected. For full GPU throughput (e.g. ~8x on T4 via FP16 Tensor Cores), call model.optimize_for_inference(dtype=torch.float16).
Inference...
<class 'supervision.detection.core.Detections'>
Detections(xyxy=array([[239.48746 , 497.6411  , 351.02786 , 558.55817 ],
       [ 54.323387, 475.9332  , 281.45673 , 580.24445 ]], dtype=float32), mask=array([[[False, False, False, ..., False, False, False],
        [False, False, False, ..., False, False, False],
        [False, False, False, ..., False, False, False],
        ...,
        [False, False, False, ..., False, False, False],
        [False, False, False, ..., False, False, False],
        [False, False, False, ..., False, False, False]],

       [[False, False, False, ..., False, False, False],
        [False, False, False, ..., False, False, False],
        [False, False, False, ..., False, False, False],
        ...,
        [False, False, False, ..., False, False, False],
        [False, False, False, ..., False, False, False],
        [False, False, False, ..., False, False, False]]],
      shape=(2, 900, 1600)), confidence=array([0.6118685, 0.5028809], dtype=float32), class_id=array([3, 3]), tracker_id=None, data={'source_shape': array([[ 900, 1600],
       [ 900, 1600]]), 'class_name': array(['car', 'car'], dtype=object)}, metadata={'source_image': array([[[15, 14, 19],
        [19, 17, 20],
        [13,  7,  9],
        ...,
        [24, 24, 22],
        [20, 25, 19],
        [10, 17, 10]],

       [[ 5,  4,  9],
        [ 7,  5,  8],
        [11,  5,  7],
        ...,
        [20, 20, 18],
        [21, 26, 20],
        [15, 22, 15]],

       [[ 6,  7, 11],
        [ 4,  4,  6],
        [13,  9,  8],
        ...,
        [19, 21, 18],
        [22, 29, 22],
        [19, 29, 21]],

       ...,

       [[ 8, 24, 21],
        [ 6, 20, 20],
        [ 3, 14, 20],
        ...,
        [55, 42, 36],
        [58, 38, 47],
        [65, 42, 58]],

       [[16, 32, 29],
        [11, 25, 25],
        [ 5, 16, 22],
        ...,
        [46, 33, 27],
        [54, 34, 43],
        [63, 40, 56]],

       [[26, 42, 39],
        [19, 33, 33],
        [10, 21, 27],
        ...,
        [36, 23, 17],
        [45, 25, 34],
        [56, 33, 49]]], shape=(900, 1600, 3), dtype=uint8)})
Visualization...
Extracting bottom pixels...
Object 0: 1 contact candidate(s) [{'x': 332, 'y': 559, 'score': 1.0, 'support_width_px': 16}]
Ego-nearest ground contact: {'x': 739.209, 'y': 1857.86, 'z': 0.0, 'source_pixel': [332, 559], 'score': 1.0, 'distance_to_ego_m': 36.716, 'is_nearest_to_ego': True}
Object 1: 3 contact candidate(s) [{'x': 183, 'y': 579, 'score': 1.0, 'support_width_px': 22}, {'x': 259, 'y': 579, 'score': 1.0, 'support_width_px': 4}, {'x': 88, 'y': 572, 'score': 0.6, 'support_width_px': 12}]
Estimated 3D box: {'frame': 'global', 'center_xyz': [740.139633, 1864.601479, 0.976234], 'size_lwh_m': [6.075, 1.8, 1.952], 'yaw_rad': -0.5066, 'wheelbase_observed_m': 4.72, 'dimension_source': 'class_prior', 'side_anchor': 'visible_wheel_line_shifted_away_from_ego', 'visible_wheel_line_midpoint_xy': [740.314, 1865.534], 'segmentation_longitudinal_offset_m': 0.3, 'segmentation_fit': {'method': 'projected_3d_bounds_enclose_mask', 'contour_coverage': 1.0}}
Ego-nearest ground contact: {'x': 738.251, 'y': 1866.679, 'z': 0.0, 'source_pixel': [259, 579], 'score': 1.0, 'distance_to_ego_m': 28.0, 'is_nearest_to_ego': True}
====================
Saved:
batch_side_vehicle_3d/sample_07/rfdetr_bottom_envelope.jpg
batch_side_vehicle_3d/sample_07/rfdetr_ground_contacts.json
====================
