======
Loading NuScenes tables for version v1.0-mini...
23 category,
8 attribute,
4 visibility,
911 instance,
12 sensor,
120 calibrated_sensor,
31206 ego_pose,
8 log,
10 scene,
404 sample,
31206 sample_data,
18538 sample_annotation,
4 map,
Done loading in 0.260 seconds.
======
Reverse indexing ...
Done reverse indexing in 0.1 seconds.
======
Image:
/home/kim/datasets/nuScenes/samples/CAM_FRONT_RIGHT/n015-2018-11-21-19-38-26+0800__CAM_FRONT_RIGHT__1542800855920339.jpg
Camera channel: CAM_FRONT_RIGHT
Ground plane (global z): 0.0
Image size: (1600, 900)
Loading RF-DETR...
[2026-07-14 20:38:48] [INFO] rf-detr - File /home/kim/.roboflow/models/rf-detr-seg-medium.pt already exists with correct MD5 hash.
[2026-07-14 20:38:48] [WARNING] rf-detr - Using a different number of positional encodings than DINOv2, which means we're not loading DINOv2 backbone weights. This is not a problem if finetuning a pretrained RF-DETR model.
[2026-07-14 20:38:48] [WARNING] rf-detr - Using patch size 12 instead of 14, which means we're not loading DINOv2 backbone weights. This is not a problem if finetuning a pretrained RF-DETR model.
[2026-07-14 20:38:48] [INFO] rf-detr - File /home/kim/.roboflow/models/rf-detr-seg-medium.pt already exists with correct MD5 hash.
[2026-07-14 20:38:49] [WARNING] rf-detr - load_pretrain_weights: checkpoint lacks args.num_queries / args.group_detr; falling back to flat slice. With group_detr=13 this may scramble per-group query structure if the checkpoint was trained with group_detr > 1.
[2026-07-14 20:38:49] [WARNING] rf-detr - Pretrained weights at '/home/kim/.roboflow/models/rf-detr-seg-medium.pt' loaded only partially — this typically produces lower accuracy. 1 model parameter(s) not in checkpoint (left at random init): [_kp_active_mask]. Check that the model configuration (encoder, hidden_dim, out_feature_indexes, projector_scale, ...) matches the architecture the checkpoint was trained with.
[2026-07-14 20:38:49] [WARNING] rf-detr - Model is not optimized for inference. Latency may be higher than expected. For full GPU throughput (e.g. ~8x on T4 via FP16 Tensor Cores), call model.optimize_for_inference(dtype=torch.float16).
Inference...
All-class detections: 4
<class 'supervision.detection.core.Detections'>
Detections(xyxy=array([[ 433.7307  ,  338.1303  , 1002.4701  ,  618.87445 ],
       [   0.      ,  463.29776 ,  127.62689 ,  597.0742  ],
       [1090.5265  ,  427.95135 , 1428.1733  ,  529.8084  ],
       [ 112.985016,  392.86047 ,  694.43713 ,  724.97955 ]],
      dtype=float32), mask=array([[[False, False, False, ..., False, False, False],
        [False, False, False, ..., False, False, False],
        [False, False, False, ..., False, False, False],
        ...,
        [False, False, False, ..., False, False, False],
        [False, False, False, ..., False, False, False],
        [False, False, False, ..., False, False, False]],

       [[False, False, False, ..., False, False, False],
        [False, False, False, ..., False, False, False],
        [False, False, False, ..., False, False, False],
        ...,
        [False, False, False, ..., False, False, False],
        [False, False, False, ..., False, False, False],
        [False, False, False, ..., False, False, False]],

       [[False, False, False, ..., False, False, False],
        [False, False, False, ..., False, False, False],
        [False, False, False, ..., False, False, False],
        ...,
        [False, False, False, ..., False, False, False],
        [False, False, False, ..., False, False, False],
        [False, False, False, ..., False, False, False]],

       [[False, False, False, ..., False, False, False],
        [False, False, False, ..., False, False, False],
        [False, False, False, ..., False, False, False],
        ...,
        [False, False, False, ..., False, False, False],
        [False, False, False, ..., False, False, False],
        [False, False, False, ..., False, False, False]]],
      shape=(4, 900, 1600)), confidence=array([0.9321444 , 0.90439177, 0.8878915 , 0.88263655], dtype=float32), class_id=array([8, 3, 3, 8]), tracker_id=None, data={'source_shape': array([[ 900, 1600],
       [ 900, 1600],
       [ 900, 1600],
       [ 900, 1600]]), 'class_name': array(['truck', 'car', 'car', 'truck'], dtype=object)}, metadata={'source_image': array([[[ 47,  43,  31],
        [ 39,  35,  26],
        [ 29,  25,  24],
        ...,
        [ 71,  70,  68],
        [ 74,  69,  73],
        [ 75,  70,  76]],

       [[ 52,  48,  37],
        [ 43,  40,  33],
        [ 35,  31,  32],
        ...,
        [ 72,  70,  71],
        [ 73,  71,  76],
        [ 75,  72,  79]],

       [[ 37,  34,  25],
        [ 37,  36,  31],
        [ 41,  39,  42],
        ...,
        [ 75,  74,  80],
        [ 76,  74,  85],
        [ 79,  77,  90]],

       ...,

       [[ 21,  12,   5],
        [ 28,  19,  12],
        [ 27,  16,  12],
        ...,
        [113, 109, 108],
        [110, 105, 109],
        [111, 106, 110]],

       [[ 26,  17,  10],
        [ 31,  22,  15],
        [ 25,  14,  10],
        ...,
        [111, 107, 106],
        [107, 102, 106],
        [108, 103, 107]],

       [[ 36,  27,  20],
        [ 40,  31,  24],
        [ 31,  20,  16],
        ...,
        [109, 105, 104],
        [105, 100, 104],
        [105, 100, 104]]], shape=(900, 1600, 3), dtype=uint8)})
Visualization...
Extracting bottom pixels...
Object 0: 2 contact candidate(s) [{'x': 839, 'y': 612, 'score': 1.0, 'support_width_px': 52}, {'x': 749, 'y': 600, 'score': 0.76, 'support_width_px': 8}]
Occlusion: {'status': 'occluded', 'reason': 'visible_face_mask_comparison', 'visible_face_coverage': 0.0, 'other_mask_occluder_ratio': 0.1736, 'occluder_object_ids': [2], 'bbox_overlap_iou': 0.2005, 'bbox_smaller_box_overlap_fraction': 0.369, 'bbox_overlapping_object_ids': [3], 'touches_image_edge': False, 'skip_3d_face': True}
Skipped visible 3D face due to occlusion evidence
Segmentation-aligned polygon: vertices=476 coverage=1.0
Ego-nearest ground contact: {'x': 1496.232, 'y': 1209.837, 'z': 0.0, 'source_pixel': [839, 612], 'score': 1.0, 'distance_to_ego_m': 14.258, 'is_nearest_to_ego': True}
Object 1: 2 contact candidate(s) [{'x': 96, 'y': 597, 'score': 1.0, 'support_width_px': 44}, {'x': 110, 'y': 596, 'score': 0.869, 'support_width_px': 2}]
Occlusion: {'status': 'truncated', 'reason': 'no_metric_visible_face', 'bbox_overlap_iou': 0.0094, 'bbox_smaller_box_overlap_fraction': 0.1147, 'bbox_overlapping_object_ids': [3], 'touches_image_edge': True, 'skip_3d_face': True}
Skipped visible 3D face due to occlusion evidence
Segmentation-aligned polygon: vertices=90 coverage=1.0
Ego-nearest ground contact: {'x': 1494.242, 'y': 1201.053, 'z': 0.0, 'source_pixel': [96, 597], 'score': 1.0, 'distance_to_ego_m': 18.811, 'is_nearest_to_ego': True}
Object 2: 2 contact candidate(s) [{'x': 1163, 'y': 528, 'score': 1.0, 'support_width_px': 30}, {'x': 1360, 'y': 526, 'score': 0.911, 'support_width_px': 11}]
Occlusion: {'status': 'unknown', 'reason': 'visible_face_mask_comparison', 'visible_face_coverage': 0.8075, 'other_mask_occluder_ratio': 0.0, 'occluder_object_ids': [], 'bbox_overlap_iou': 0.0, 'bbox_smaller_box_overlap_fraction': 0.0, 'bbox_overlapping_object_ids': [], 'touches_image_edge': False, 'skip_3d_face': False}
Estimated visible 3D face: {'frame': 'global', 'visible_surface': 'right', 'primary_face': 'right', 'view_angle_deg': -110.39, 'corner_indices': [1, 2, 6, 5], 'corners_xyz': [[1478.572, 1222.072, 0.0], [1479.041, 1216.908, 0.0], [1479.041, 1216.908, 2.352], [1478.572, 1222.072, 2.352]], 'segmentation_fit': {'method': 'projected_3d_bounds_enclose_mask', 'contour_coverage': 1.0}, 'segmentation_refinement': {'accepted': False, 'baseline_mask_iou': 0.6255, 'mask_iou': 0.6255, 'mask_coverage': 0.7351}}
Ego-nearest ground contact: {'x': 1478.939, 'y': 1218.025, 'z': 0.0, 'source_pixel': [1163, 528], 'score': 1.0, 'distance_to_ego_m': 32.403, 'is_nearest_to_ego': True}
Object 3: 1 contact candidate(s) [{'x': 378, 'y': 720, 'score': 1.0, 'support_width_px': 8}]
Occlusion: {'status': 'possibly_occluded', 'reason': 'no_metric_visible_face', 'bbox_overlap_iou': 0.2005, 'bbox_smaller_box_overlap_fraction': 0.369, 'bbox_overlapping_object_ids': [0, 1], 'touches_image_edge': False, 'skip_3d_face': True}
Skipped visible 3D face due to occlusion evidence
Segmentation-aligned polygon: vertices=517 coverage=1.0
Ego-nearest ground contact: {'x': 1501.727, 'y': 1206.966, 'z': 0.0, 'source_pixel': [378, 720], 'score': 1.0, 'distance_to_ego_m': 9.455, 'is_nearest_to_ego': True}
====================
Saved:
batch_side_vehicle_3d/sample_06/rfdetr_bottom_envelope.jpg
batch_side_vehicle_3d/sample_06/rfdetr_ground_contacts.json
====================
